Determining if the pthread_create exist failed with the following output:
Change Dir: /home/yinggx/projects/zed_slam_ar/ZED_ORBSLAM2_AR/build/CMakeFiles/CMakeTmp

Run Build Command:/usr/bin/make "cmTryCompileExec1181623369/fast"
/usr/bin/make -f CMakeFiles/cmTryCompileExec1181623369.dir/build.make CMakeFiles/cmTryCompileExec1181623369.dir/build
make[1]: Entering directory `/home/yinggx/projects/zed_slam_ar/ZED_ORBSLAM2_AR/build/CMakeFiles/CMakeTmp'
/usr/bin/cmake -E cmake_progress_report /home/yinggx/projects/zed_slam_ar/ZED_ORBSLAM2_AR/build/CMakeFiles/CMakeTmp/CMakeFiles 1
Building C object CMakeFiles/cmTryCompileExec1181623369.dir/CheckSymbolExists.c.o
/usr/bin/cc    -o CMakeFiles/cmTryCompileExec1181623369.dir/CheckSymbolExists.c.o   -c /home/yinggx/projects/zed_slam_ar/ZED_ORBSLAM2_AR/build/CMakeFiles/CMakeTmp/CheckSymbolExists.c
Linking C executable cmTryCompileExec1181623369
/usr/bin/cmake -E cmake_link_script CMakeFiles/cmTryCompileExec1181623369.dir/link.txt --verbose=1
/usr/bin/cc       CMakeFiles/cmTryCompileExec1181623369.dir/CheckSymbolExists.c.o  -o cmTryCompileExec1181623369 -rdynamic 
CMakeFiles/cmTryCompileExec1181623369.dir/CheckSymbolExists.c.o: In function `main':
CheckSymbolExists.c:(.text+0x16): undefined reference to `pthread_create'
collect2: error: ld returned 1 exit status
make[1]: *** [cmTryCompileExec1181623369] Error 1
make[1]: Leaving directory `/home/yinggx/projects/zed_slam_ar/ZED_ORBSLAM2_AR/build/CMakeFiles/CMakeTmp'
make: *** [cmTryCompileExec1181623369/fast] Error 2

File /home/yinggx/projects/zed_slam_ar/ZED_ORBSLAM2_AR/build/CMakeFiles/CMakeTmp/CheckSymbolExists.c:
/* */
#include <pthread.h>

int main(int argc, char** argv)
{
  (void)argv;
#ifndef pthread_create
  return ((int*)(&pthread_create))[argc];
#else
  (void)argc;
  return 0;
#endif
}

Determining if the function pthread_create exists in the pthreads failed with the following output:
Change Dir: /home/yinggx/projects/zed_slam_ar/ZED_ORBSLAM2_AR/build/CMakeFiles/CMakeTmp

Run Build Command:/usr/bin/make "cmTryCompileExec1932491545/fast"
/usr/bin/make -f CMakeFiles/cmTryCompileExec1932491545.dir/build.make CMakeFiles/cmTryCompileExec1932491545.dir/build
make[1]: Entering directory `/home/yinggx/projects/zed_slam_ar/ZED_ORBSLAM2_AR/build/CMakeFiles/CMakeTmp'
/usr/bin/cmake -E cmake_progress_report /home/yinggx/projects/zed_slam_ar/ZED_ORBSLAM2_AR/build/CMakeFiles/CMakeTmp/CMakeFiles 1
Building C object CMakeFiles/cmTryCompileExec1932491545.dir/CheckFunctionExists.c.o
/usr/bin/cc   -DCHECK_FUNCTION_EXISTS=pthread_create   -o CMakeFiles/cmTryCompileExec1932491545.dir/CheckFunctionExists.c.o   -c /usr/share/cmake-2.8/Modules/CheckFunctionExists.c
Linking C executable cmTryCompileExec1932491545
/usr/bin/cmake -E cmake_link_script CMakeFiles/cmTryCompileExec1932491545.dir/link.txt --verbose=1
/usr/bin/cc   -DCHECK_FUNCTION_EXISTS=pthread_create    CMakeFiles/cmTryCompileExec1932491545.dir/CheckFunctionExists.c.o  -o cmTryCompileExec1932491545 -rdynamic -lpthreads 
/usr/bin/ld: cannot find -lpthreads
collect2: error: ld returned 1 exit status
make[1]: *** [cmTryCompileExec1932491545] Error 1
make[1]: Leaving directory `/home/yinggx/projects/zed_slam_ar/ZED_ORBSLAM2_AR/build/CMakeFiles/CMakeTmp'
make: *** [cmTryCompileExec1932491545/fast] Error 2


